<?xml version="1.0" encoding="UTF-8"?>
<!-- Generated by org.testng.reporters.JUnitReportReporter -->
<testsuite hostname="BRILAP3758" failures="0" tests="2" name="Selenium.Selenium.BrowserTest" time="0.031" errors="0" timestamp="2024-06-27T16:57:18 IST" skipped="0">
  <testcase classname="Selenium.Selenium.BrowserTest" name="testCase1" time="0.022"/>
  <testcase classname="Selenium.Selenium.BrowserTest" name="testCase2" time="0.009"/>
</testsuite> <!-- Selenium.Selenium.BrowserTest -->
