<?xml version="1.0" encoding="UTF-8"?>
<!-- Generated by org.testng.reporters.JUnitReportReporter -->
<testsuite hostname="BRILAP3758" failures="0" tests="2" name="RestAssuredTest.GetandPost" time="4.019" errors="0" timestamp="2024-06-28T08:22:09 IST" skipped="0">
  <testcase classname="RestAssuredTest.GetandPost" name="testPost" time="1.051"/>
  <testcase classname="RestAssuredTest.GetandPost" name="testGet" time="2.968"/>
</testsuite> <!-- RestAssuredTest.GetandPost -->
