<?xml version="1.0" encoding="UTF-8"?>
<!-- Generated by org.testng.reporters.JUnitReportReporter -->
<testsuite hostname="BRILAP3758" failures="0" tests="1" name="LikithaProject.LikithaProject.FirstTest" time="0.015" errors="0" timestamp="2024-07-11T11:14:43 IST" skipped="0">
  <testcase classname="LikithaProject.LikithaProject.FirstTest" name="Input" time="0.015"/>
</testsuite> <!-- LikithaProject.LikithaProject.FirstTest -->
