<?xml version="1.0" encoding="UTF-8"?>
<!-- Generated by org.testng.reporters.JUnitReportReporter -->
<testsuite hostname="BRILAP3758" failures="0" tests="1" name="Tests.FirstTest" time="23.049" errors="0" timestamp="2024-07-16T12:29:15 IST" skipped="0">
  <testcase classname="Tests.FirstTest" name="init" time="23.049"/>
</testsuite> <!-- Tests.FirstTest -->
